Arguments: 
  /usr/local/Cellar/node@6/6.13.1/bin/node /usr/local/Cellar/yarn/1.5.1_1/libexec/bin/yarn.js run version

PATH: 
  /usr/local/bin:/usr/bin:/bin:/usr/sbin:/sbin:/opt/X11/bin

Yarn version: 
  1.5.1

Node version: 
  6.13.1

Platform: 
  darwin x64

npm manifest: 
  {
    "name": "oleh-polishchuk.github.io-assets",
    "version": "1.0.0",
    "description": "Assets for repo oleh-polishchuk.github.io",
    "main": "index.js",
    "scripts": {
      "version": "npm version patch",
      "test": "echo \"Error: no test specified\" && exit 1"
    },
    "repository": {
      "type": "git",
      "url": "git+https://oleh-polishchuk:Elisabet2015@github.com/oleh-polishchuk/oleh-polishchuk.github.io-assets.git"
    },
    "author": "oleh.polishchuk.ck@gmail.com",
    "license": "ISC",
    "bugs": {
      "url": "https://github.com/oleh-polishchuk/oleh-polishchuk.github.io-assets/issues"
    },
    "homepage": "https://github.com/oleh-polishchuk/oleh-polishchuk.github.io-assets#readme"
  }

yarn manifest: 
  No manifest

Lockfile: 
  No lockfile

Trace: 
  Error: Command failed.
  Exit code: 1
  Command: sh
  Arguments: -c npm version patch
  Directory: /Users/olehpolishchuk/workspace/oleh-polishchuk.github.io-assets
  Output:
  
      at ProcessTermError.Error (native)
      at ProcessTermError.MessageError (/usr/local/Cellar/yarn/1.5.1_1/libexec/lib/cli.js:186:110)
      at new ProcessTermError (/usr/local/Cellar/yarn/1.5.1_1/libexec/lib/cli.js:226:113)
      at ChildProcess.<anonymous> (/usr/local/Cellar/yarn/1.5.1_1/libexec/lib/cli.js:30281:17)
      at emitTwo (events.js:106:13)
      at ChildProcess.emit (events.js:191:7)
      at maybeClose (internal/child_process.js:920:16)
      at Process.ChildProcess._handle.onexit (internal/child_process.js:230:5)
